[20:14:57] [ServerMain/INFO]: Environment: authHost='https://authserver.mojang.com', accountsHost='https://api.mojang.com', sessionHost='https://sessionserver.mojang.com', servicesHost='https://api.minecraftservices.com', name='PROD'
[20:14:59] [ServerMain/INFO]: Loaded 7 recipes
[20:14:59] [ServerMain/INFO]: Loaded 1179 advancements
[20:14:59] [Server thread/INFO]: Starting minecraft server version 1.19.4
[20:14:59] [Server thread/INFO]: Loading properties
[20:14:59] [Server thread/INFO]: Default game type: SURVIVAL
[20:14:59] [Server thread/INFO]: Generating keypair
[20:15:00] [Server thread/INFO]: Starting Minecraft server on *:25565
[20:15:00] [Server thread/INFO]: Using epoll channel type
[20:15:00] [Server thread/WARN]: **** SERVER IS RUNNING IN OFFLINE/INSECURE MODE!
[20:15:00] [Server thread/WARN]: The server will make no attempt to authenticate usernames. Beware.
[20:15:00] [Server thread/WARN]: While this makes the game possible to play without internet access, it also opens up the ability for hackers to connect with any username they choose.
[20:15:00] [Server thread/WARN]: To change this, set "online-mode" to "true" in the server.properties file.
[20:15:00] [Server thread/INFO]: Preparing level "world"
[20:15:03] [Server thread/INFO]: Preparing start region for dimension minecraft:overworld
[20:15:06] [Worker-Main-2/INFO]: Preparing spawn area: 0%
[20:15:06] [Worker-Main-1/INFO]: Preparing spawn area: 0%
[20:15:06] [Worker-Main-1/INFO]: Preparing spawn area: 0%
[20:15:06] [Worker-Main-1/INFO]: Preparing spawn area: 0%
[20:15:06] [Worker-Main-1/INFO]: Preparing spawn area: 0%
[20:15:06] [Worker-Main-1/INFO]: Preparing spawn area: 0%
[20:15:06] [Worker-Main-1/INFO]: Preparing spawn area: 0%
[20:15:07] [Worker-Main-1/INFO]: Preparing spawn area: 0%
[20:15:07] [Worker-Main-2/INFO]: Preparing spawn area: 0%
[20:15:08] [Worker-Main-3/INFO]: Preparing spawn area: 0%
[20:15:08] [Worker-Main-2/INFO]: Preparing spawn area: 3%
[20:15:09] [Worker-Main-2/INFO]: Preparing spawn area: 6%
[20:15:09] [Worker-Main-2/INFO]: Preparing spawn area: 6%
[20:15:10] [Worker-Main-3/INFO]: Preparing spawn area: 10%
[20:15:10] [Worker-Main-2/INFO]: Preparing spawn area: 34%
[20:15:11] [Worker-Main-1/INFO]: Preparing spawn area: 86%
[20:15:11] [Server thread/INFO]: Time elapsed: 7629 ms
[20:15:11] [Server thread/INFO]: Done (11.350s)! For help, type "help"
[20:19:28] [Server thread/INFO]: ShallZs[/189.62.190.114:54513] logged in with entity id 26 at (-615.5, 69.0, 1667.5)
[20:19:28] [Server thread/INFO]: ShallZs joined the game
[20:19:32] [Server thread/WARN]: Can't keep up! Is the server overloaded? Running 3621ms or 72 ticks behind
[20:34:47] [Server thread/INFO]: ShallZs lost connection: Disconnected
[20:34:47] [Server thread/INFO]: ShallZs left the game
[20:35:24] [Server thread/INFO]: ShallZs[/189.62.190.114:54733] logged in with entity id 2927 at (-649.4464195641033, 69.0, 1676.858558540635)
[20:35:24] [Server thread/INFO]: ShallZs joined the game
[20:35:27] [Server thread/WARN]: Can't keep up! Is the server overloaded? Running 3088ms or 61 ticks behind
[20:41:05] [Server thread/INFO]: ShallZs lost connection: Disconnected
[20:41:05] [Server thread/INFO]: ShallZs left the game
